Solver command line: ['C:\\Program Files\\IBM\\ILOG\\CPLEX_Studio128\\cplex\\bin\\x64_win64\\cplex.exe']



Welcome to IBM(R) ILOG(R) CPLEX(R) Interactive Optimizer 12.8.0.0

  with Simplex, Mixed Integer & Barrier Optimizers

5725-A06 5725-A29 5724-Y48 5724-Y49 5724-Y54 5724-Y55 5655-Y21

Copyright IBM Corp. 1988, 2017.  All Rights Reserved.



Type 'help' for a list of available commands.

Type 'help' followed by a command name for more

information on commands.



CPLEX> Logfile 'cplex.log' closed.

Logfile 'Solver_Output.log' open.

CPLEX> New value for mixed integer optimality gap tolerance: 0.05

CPLEX> New value for time limit in seconds: 36000

CPLEX> Problem 'C:\Users\jhonnyvs\AppData\Local\Temp\tmp2qne8m2m.pyomo.lp' read.

Read time = 0.27 sec. (12.87 ticks)

CPLEX> Problem name         : C:\Users\jhonnyvs\AppData\Local\Temp\tmp2qne8m2m.pyomo.lp

Objective sense      : Minimize

Variables            :   96366  [Nneg: 52561,  Box: 35044,  General Integer: 8761]

Objective nonzeros   :   43804

Linear constraints   :  131403  [Less: 78840,  Equal: 52563]

  Nonzeros           :  302275

  RHS nonzeros       :   40516



Variables            : Min LB: 0.000000         Max UB: 700000.0       

Objective nonzeros   : Min   : 0.05975555       Max   : 47814.58       

Linear constraints   :

  Nonzeros           : Min   : 0.001000000      Max   : 15.00000       

  RHS nonzeros       : Min   : 0.2460000        Max   : 104.0000       

CPLEX> CPXPARAM_TimeLimit                               36000

CPXPARAM_MIP_Tolerances_MIPGap                   0.050000000000000003

Tried aggregator 4 times.

MIP Presolve eliminated 35537 rows and 24983 columns.

MIP Presolve modified 9921 coefficients.

Aggregator did 19308 substitutions.

Reduced MIP has 76558 rows, 52075 columns, and 195914 nonzeros.

Reduced MIP has 1280 binaries, 6967 generals, 0 SOSs, and 0 indicators.

Presolve time = 1.20 sec. (789.68 ticks)

Found incumbent of value 222949.357341 after 1.94 sec. (1233.70 ticks)

Probing time = 0.08 sec. (2.80 ticks)

Tried aggregator 1 time.

Reduced MIP has 76558 rows, 52075 columns, and 195914 nonzeros.

Reduced MIP has 1280 binaries, 6967 generals, 0 SOSs, and 0 indicators.

Presolve time = 0.27 sec. (126.55 ticks)

Probing time = 0.02 sec. (2.82 ticks)

MIP emphasis: balance optimality and feasibility.

MIP search method: dynamic search.

Parallel mode: deterministic, using up to 4 threads.

Root relaxation solution time = 4.53 sec. (1322.09 ticks)



        Nodes                                         Cuts/

   Node  Left     Objective  IInf  Best Integer    Best Bound    ItCnt     Gap



*     0+    0                       222949.3573   110125.7160            50.61%

      0     0   147526.5768  6587   222949.3573   147526.5768       36   33.83%

*     0+    0                       209891.8726   147526.5768            29.71%

      0     0   151989.3052  5954   209891.8726   Cuts: 10000    14783   27.59%

      0     0   153485.4298  4007   209891.8726    Cuts: 9996    22076   26.87%

      0     0   153804.7338  3208   209891.8726    Cuts: 9803    27408   26.72%

      0     0   153849.9620  3161   209891.8726    Cuts: 9248    28454   26.70%

      0     0   153853.9265  3159   209891.8726    Cuts: 4274    28567   26.70%

      0     0   153856.6640  3159   209891.8726    Cuts: 7023    28654   26.70%

Heuristic still looking.

      0     2   153856.6640  3159   209891.8726   153856.6640    28654   26.70%

Elapsed time = 160.94 sec. (71446.77 ticks, tree = 0.01 MB, solutions = 2)

      4     6   153860.2063  3154   209891.8726   153856.6850    29024   26.70%

      7     9   157665.2161  3422   209891.8726   153856.6850    39784   26.70%

      9     4   155605.5855  3539   209891.8726   153856.6850    35701   26.70%

     13    12   156833.2572  3994   209891.8726   153858.5043    52700   26.70%

     16    15   156836.3639  3991   209891.8726   153858.5043    52845   26.70%

     18    17   156836.3342  3992   209891.8726   153858.5043    52971   26.70%

     22    21   156839.6489  3990   209891.8726   153858.5043    53020   26.70%

     26     5   157255.2231  3445   209891.8726   153858.5043    38027   26.70%

     30    29   158159.8544  2515   209891.8726   153859.5079    67118   26.70%

*    35+   29                       163651.9119   153859.5079             5.98%

     36    13   157721.1339  3417   163651.9119   153859.5079    50557    5.98%

Elapsed time = 209.77 sec. (81132.23 ticks, tree = 6.51 MB, solutions = 3)

     39    35   157232.2101  3444   163651.9119   153859.5079    79609    5.98%

     45    16   163142.6114  2246   163651.9119   153859.5079    76819    5.98%

     46    42   160238.2683  2883   163651.9119   153859.5079    90007    5.98%

     50    49   157743.3099  3413   163651.9119   153863.7498   134479    5.98%

     59    59   153869.4247  3138   163651.9119   153866.2409   162792    5.98%

     75    64   153869.8018  3133   163651.9119   153866.2409   162799    5.98%

     89    58   163163.1166  2223   163651.9119   153866.2409   172121    5.98%

    103    97   160129.9387  3101   163651.9119   153867.7454   201882    5.98%

    122   101   153873.4122  3119   163651.9119   153867.8041   206692    5.98%

    127    80   159292.3967  3408   163651.9119   153867.8041   192855    5.98%

Elapsed time = 245.36 sec. (92960.42 ticks, tree = 12.52 MB, solutions = 3)

    146   114   160755.2103  3076   163651.9119   153869.4725   248567    5.98%

    150   119   163197.6041  2147   163651.9119   153869.4725   213475    5.98%

    166   130   160639.9077  3078   163651.9119   153869.4725   305544    5.98%

    177   162   163211.6275  2085   163651.9119   153869.4725   290720    5.98%

    196   177   163216.8081  2073   163651.9119   153869.4725   304469    5.98%

    219   192   163223.8789  1965   163651.9119   153869.4725   305050    5.98%

    247   190   157411.7019  3171   163651.9119   153869.4725   379492    5.98%

    268   253   163243.0753  1930   163651.9119   153869.4725   392100    5.98%

    291   262   163248.0490  1921   163651.9119   153869.4725   392243    5.98%

    307   293   163252.0532  1914   163651.9119   153869.4725   429678    5.98%

Elapsed time = 284.58 sec. (103380.92 ticks, tree = 47.15 MB, solutions = 3)

    333   311   163258.8761  1898   163651.9119   153869.4725   429948    5.98%

    362   328   163266.8170  1882   163651.9119   153869.4725   430264    5.98%

    383   373   163273.9396  1865   163651.9119   153869.4725   478651    5.98%

    392   379   163280.6563  1859   163651.9119   153869.4725   478688    5.98%

*   403+  314                       161450.3727   153869.4725             4.70%

    409   396   163285.6729  1842   161450.3727   153869.4725   478804    4.70%

    424   410   163288.9735  1827   161450.3727   153869.4725   478888    4.70%

    425   323   153898.4336  3080   161450.3727   153869.4725   483365    4.70%



Flow cuts applied:  29

Mixed integer rounding cuts applied:  24937

Gomory fractional cuts applied:  86



Root node processing (before b&c):

  Real time             =  160.72 sec. (71406.12 ticks)

Parallel b&c, 4 threads:

  Real time             =  154.59 sec. (42517.76 ticks)

  Sync time (average)   =   22.01 sec.

  Wait time (average)   =    0.06 sec.

                          ------------

Total (root+branch&cut) =  315.31 sec. (113923.88 ticks)



Solution pool: 4 solutions saved.



MIP - Integer optimal, tolerance (0.05/1e-06):  Objective =  1.6145037273e+05

Current MIP best bound =  1.5386947246e+05 (gap = 7580.9, 4.70%)

Solution time =  315.31 sec.  Iterations = 521437  Nodes = 426 (218)

Deterministic time = 113924.16 ticks  (361.31 ticks/sec)



CPLEX> Incumbent solution written to file 'C:\Users\jhonnyvs\AppData\Local\Temp\tmpzj60wooj.cplex.sol'.

CPLEX> 
